Linking to GEOS 3.12.0, GDAL 3.8.1, PROJ 9.3.1; sf_use_s2() is TRUE
There were 12 warnings (use warnings() to see them)

Attaching package: ‘dplyr’

The following objects are masked from ‘package:stats’:

    filter, lag

The following objects are masked from ‘package:base’:

    intersect, setdiff, setequal, union

Loading required package: usethis
ℹ Loading redist
Loading required package: redistmetrics
Split [0/51] ■                                | ETA?
Split [1/51] ■■                               | ETA 2m
Split [4/51] ■■■                              | ETA 1m
Split [8/51] ■■■■■■                           | ETA45s
Split [12/51] ■■■■■■■■                         | ETA36s
Split [17/51] ■■■■■■■■■■■                      | ETA28s
Split [24/51] ■■■■■■■■■■■■■■■                  | ETA19s
Split [31/51] ■■■■■■■■■■■■■■■■■■■              | ETA13s
Split [40/51] ■■■■■■■■■■■■■■■■■■■■■■■■■        | ETA 6s
Split [45/51] ■■■■■■■■■■■■■■■■■■■■■■■■■■■      | ETA 3s
Split [49/51] ■■■■■■■■■■■■■■■■■■■■■■■■■■■■■■   | ETA 1s
Split [51/51] ■■■■■■■■■■■■■■■■■■■■■■■■■■■■■■■  | ETA 0s

SMC: 20 sampled plans of 52 districts on 9,129 units
`adapt_k_thresh`=0.985 • `seq_alpha`=0.5
`est_label_mult`=1 • `pop_temper`=0
Plan diversity 80% range: 0.015 to 0.070
✖ WARNING: Low plan diversity
Sampling diagnostics for SMC run 1 of 1 (20 samples)
• Watch out for low effective samples, very low acceptance rates (less than
1%), large std. devs. of the log weights (more than 3 or so), and low numbers
of unique plans. R-hat values for summary statistics should be between 1 and
1.05.
• Low diversity: Check for potential bottlenecks. Increase the number of
samples. Examine the diversity plot with `hist(plans_diversity(plans),
breaks=24)`. Consider weakening or removing constraints, or increasing the
population tolerance. If the acceptance rate drops quickly in the final splits,
try increasing `pop_temper` by 0.01.
• (*) Bottlenecks found: Consider weakening or removing constraints, or
increasing the population tolerance. If the acceptance rate drops quickly in
the final splits, try increasing `pop_temper` by 0.01. If the weight variance
(Log wgt. sd) increases steadily or is particularly large for the "Resample"
step, consider increasing `seq_alpha`. To visualize what geographic areas may
be causing problems, try running the following code. Highlighted areas are
those that may be causing the bottleneck.
	Command being timed: "Rscript smc_cli.R --rds_map examples/CA_cd_2020_map.rds --n_sims 20 --rng_seed 80191041 --output_file examples/outputs/CA_cd_2020_map/80191041_CA_cd_2020_map_with_20_sims.csv"
	User time (seconds): 316.94
	System time (seconds): 0.99
	Percent of CPU this job got: 982%
	Elapsed (wall clock) time (h:mm:ss or m:ss): 0:32.35
	Average shared text size (kbytes): 0
	Average unshared data size (kbytes): 0
	Average stack size (kbytes): 0
	Average total size (kbytes): 0
	Maximum resident set size (kbytes): 286032
	Average resident set size (kbytes): 0
	Major (requiring I/O) page faults: 2
	Minor (reclaiming a frame) page faults: 61574
	Voluntary context switches: 274518
	Involuntary context switches: 14683
	Swaps: 0
	File system inputs: 0
	File system outputs: 208
	Socket messages sent: 0
	Socket messages received: 0
	Signals delivered: 0
	Page size (bytes): 4096
	Exit status: 0
