Linking to GEOS 3.12.0, GDAL 3.8.1, PROJ 9.3.1; sf_use_s2() is TRUE
There were 12 warnings (use warnings() to see them)

Attaching package: ‘dplyr’

The following objects are masked from ‘package:stats’:

    filter, lag

The following objects are masked from ‘package:base’:

    intersect, setdiff, setequal, union

Loading required package: usethis
ℹ Loading redist
Loading required package: redistmetrics
Projecting to CRS 3857
Warning message:
Missing CRS, assuming NAD83 (4269). 
Split [0/49] ■                                | ETA?
Split [1/49] ■■                               | ETA 2m
Split [3/49] ■■■                              | ETA 1m
Split [6/49] ■■■■■                            | ETA 1m
Split [9/49] ■■■■■■■                          | ETA49s
Split [12/49] ■■■■■■■■                         | ETA45s
Split [16/49] ■■■■■■■■■■■                      | ETA35s
Split [22/49] ■■■■■■■■■■■■■■                   | ETA24s
Split [29/49] ■■■■■■■■■■■■■■■■■■■              | ETA16s
Split [40/49] ■■■■■■■■■■■■■■■■■■■■■■■■■        | ETA 6s
Split [49/49] ■■■■■■■■■■■■■■■■■■■■■■■■■■■■■■■  | ETA 0s

Warning message:
Population tempering is increasing the variance of the resampling weights by
over 50% at some steps.
• Consider lowering `pop_temper`. 
SMC: 20 sampled plans of 50 districts on 2,500 units
`adapt_k_thresh`=0.985 • `seq_alpha`=0.5
`est_label_mult`=1 • `pop_temper`=0.001
Plan diversity 80% range: 0.017 to 0.531
✖ WARNING: Low plan diversity
Sampling diagnostics for SMC run 1 of 1 (20 samples)
• Watch out for low effective samples, very low acceptance rates (less than
1%), large std. devs. of the log weights (more than 3 or so), and low numbers
of unique plans. R-hat values for summary statistics should be between 1 and
1.05.
• Low diversity: Check for potential bottlenecks. Increase the number of
samples. Examine the diversity plot with `hist(plans_diversity(plans),
breaks=24)`. Consider weakening or removing constraints, or increasing the
population tolerance. If the acceptance rate drops quickly in the final splits,
try increasing `pop_temper` by 0.01.
	Command being timed: "Rscript smc_cli.R --shapefile examples/50x50_grid --pop_tol 0.05 --pop_col TOTPOP --n_dists 50 --n_sims 20 --rng_seed 3654992 --pop_temper 0.001 --output_file examples/outputs/50x50_grid/3654992_50x50_grid_to_50_with_20_sims.csv"
	User time (seconds): 177.47
	System time (seconds): 0.19
	Percent of CPU this job got: 586%
	Elapsed (wall clock) time (h:mm:ss or m:ss): 0:30.30
	Average shared text size (kbytes): 0
	Average unshared data size (kbytes): 0
	Average stack size (kbytes): 0
	Average total size (kbytes): 0
	Maximum resident set size (kbytes): 260240
	Average resident set size (kbytes): 0
	Major (requiring I/O) page faults: 2
	Minor (reclaiming a frame) page faults: 51997
	Voluntary context switches: 13065
	Involuntary context switches: 17683
	Swaps: 0
	File system inputs: 0
	File system outputs: 232
	Socket messages sent: 0
	Socket messages received: 0
	Signals delivered: 0
	Page size (bytes): 4096
	Exit status: 0
